2018-01-11 09:13:24,188 [Thread-1:5344] [django.server:124] [INFO]- "GET /admin/ HTTP/1.1" 200 82
2018-01-11 09:13:24,812 [Thread-3:3532] [django.server:124] [INFO]- "GET /favicon.ico HTTP/1.1" 200 82
2018-01-11 09:13:55,586 [Thread-1:3780] [django.server:124] [INFO]- "GET /admin/ HTTP/1.1" 200 82
2018-01-11 09:13:55,654 [Thread-3:6096] [django.server:124] [INFO]- "GET /favicon.ico HTTP/1.1" 200 82
2018-01-11 09:13:57,144 [Thread-4:5424] [django.server:124] [INFO]- "GET /admin/ HTTP/1.1" 200 82
2018-01-11 09:13:57,200 [Thread-5:876] [django.server:124] [INFO]- "GET /favicon.ico HTTP/1.1" 200 82
2018-01-11 09:14:08,607 [Thread-8:6056] [django.server:124] [INFO]- "GET /admin/ HTTP/1.1" 200 82
2018-01-11 09:14:08,729 [Thread-9:2896] [django.server:124] [INFO]- "GET /favicon.ico HTTP/1.1" 200 82
2018-01-11 09:14:13,549 [Thread-1:4860] [django.server:124] [INFO]- "GET /admin/ HTTP/1.1" 200 4180
2018-01-11 09:14:13,637 [Thread-3:1596] [django.server:124] [INFO]- "GET /favicon.ico HTTP/1.1" 200 82
2018-01-11 09:14:53,313 [Thread-5:5436] [django.server:124] [INFO]- "GET /admin/ HTTP/1.1" 200 4180
2018-01-11 09:14:53,378 [Thread-6:168] [django.server:124] [INFO]- "GET /favicon.ico HTTP/1.1" 200 82
2018-01-11 09:15:06,660 [Thread-11:1180] [django.server:124] [INFO]- "GET /admin/ HTTP/1.1" 200 4180
2018-01-11 09:15:06,775 [Thread-12:5324] [django.server:124] [INFO]- "GET /favicon.ico HTTP/1.1" 200 82
2018-01-11 09:15:16,851 [Thread-16:5372] [django.server:124] [INFO]- "GET /admin/ HTTP/1.1" 200 4180
2018-01-11 09:15:16,948 [Thread-17:848] [django.server:124] [INFO]- "GET /favicon.ico HTTP/1.1" 200 82
2018-01-11 09:15:17,786 [Thread-18:4692] [django.server:124] [INFO]- "GET /admin/ HTTP/1.1" 200 4180
2018-01-11 09:15:17,839 [Thread-19:2588] [django.server:124] [INFO]- "GET /favicon.ico HTTP/1.1" 200 82
2018-01-11 09:15:18,188 [Thread-20:4152] [django.server:124] [INFO]- "GET /admin/ HTTP/1.1" 200 4180
2018-01-11 09:15:18,240 [Thread-21:5812] [django.server:124] [INFO]- "GET /favicon.ico HTTP/1.1" 200 82
2018-01-11 09:15:18,427 [Thread-22:4084] [django.server:124] [INFO]- "GET /admin/ HTTP/1.1" 200 4180
2018-01-11 09:15:18,480 [Thread-23:876] [django.server:124] [INFO]- "GET /favicon.ico HTTP/1.1" 200 82
2018-01-11 09:15:18,676 [Thread-24:4600] [django.server:124] [INFO]- "GET /admin/ HTTP/1.1" 200 4180
2018-01-11 09:15:18,717 [Thread-25:5512] [django.server:124] [INFO]- "GET /favicon.ico HTTP/1.1" 200 82
2018-01-11 09:15:19,875 [Thread-26:1808] [django.server:124] [INFO]- "GET /admin/ HTTP/1.1" 200 4180
2018-01-11 09:15:19,930 [Thread-27:5520] [django.server:124] [INFO]- "GET /favicon.ico HTTP/1.1" 200 82
2018-01-11 09:15:21,776 [Thread-28:6036] [django.server:124] [INFO]- "GET /admin/ HTTP/1.1" 200 4180
2018-01-11 09:15:21,819 [Thread-29:2344] [django.server:124] [INFO]- "GET /favicon.ico HTTP/1.1" 200 82
2018-01-11 09:15:43,529 [Thread-31:4124] [django.server:124] [INFO]- "GET /admin/logout/ HTTP/1.1" 200 82
2018-01-11 09:15:43,596 [Thread-32:5416] [django.server:124] [INFO]- "GET /favicon.ico HTTP/1.1" 200 82
2018-01-11 09:16:01,608 [Thread-33:6080] [django.server:124] [INFO]- "GET /admin/logout/ HTTP/1.1" 200 82
2018-01-11 09:16:01,661 [Thread-34:2508] [django.server:124] [INFO]- "GET /favicon.ico HTTP/1.1" 200 82
2018-01-11 09:16:02,341 [Thread-35:4656] [django.server:124] [INFO]- "GET /admin/logout/ HTTP/1.1" 200 82
2018-01-11 09:16:02,401 [Thread-36:4064] [django.server:124] [INFO]- "GET /favicon.ico HTTP/1.1" 200 82
2018-01-11 09:16:56,598 [Thread-1:5412] [django.server:124] [INFO]- "GET /admin/logout/ HTTP/1.1" 200 1011
2018-01-11 09:16:56,703 [Thread-3:5812] [django.server:124] [INFO]- "GET /favicon.ico HTTP/1.1" 200 82
2018-01-11 09:16:58,904 [Thread-4:4084] [django.server:124] [INFO]- "GET /admin/ HTTP/1.1" 302 0
2018-01-11 09:16:58,938 [Thread-5:876] [django.server:124] [INFO]- "GET /admin/login/?next=/admin/ HTTP/1.1" 200 1652
2018-01-11 09:16:59,003 [Thread-6:4600] [django.server:124] [INFO]- "GET /favicon.ico HTTP/1.1" 200 82
2018-01-11 09:17:02,720 [Thread-7:5512] [django.server:124] [INFO]- "POST /admin/login/?next=/admin/ HTTP/1.1" 302 0
2018-01-11 09:17:02,763 [Thread-8:4372] [django.server:124] [INFO]- "GET /admin/ HTTP/1.1" 200 4180
2018-01-11 09:17:02,836 [Thread-9:1808] [django.server:124] [INFO]- "GET /favicon.ico HTTP/1.1" 200 82
2018-01-11 09:22:38,729 [Thread-10:3412] [django.server:124] [INFO]- "GET /admin/ HTTP/1.1" 200 4180
2018-01-11 09:22:38,851 [Thread-11:6016] [django.server:124] [INFO]- "GET /favicon.ico HTTP/1.1" 200 82
2018-01-11 09:22:39,930 [Thread-12:6048] [django.server:124] [INFO]- "GET /admin/ HTTP/1.1" 200 4180
2018-01-11 09:22:40,000 [Thread-13:5736] [django.server:124] [INFO]- "GET /favicon.ico HTTP/1.1" 200 82
2018-01-11 09:22:40,665 [Thread-14:3976] [django.server:124] [INFO]- "GET /admin/ HTTP/1.1" 200 4180
2018-01-11 09:22:40,719 [Thread-15:2216] [django.server:124] [INFO]- "GET /favicon.ico HTTP/1.1" 200 82
2018-01-11 09:22:41,040 [Thread-16:876] [django.server:124] [INFO]- "GET /admin/ HTTP/1.1" 200 4180
2018-01-11 09:22:41,096 [Thread-17:4084] [django.server:124] [INFO]- "GET /favicon.ico HTTP/1.1" 200 82
2018-01-11 09:22:41,319 [Thread-18:4600] [django.server:124] [INFO]- "GET /admin/ HTTP/1.1" 200 4180
2018-01-11 09:22:41,384 [Thread-19:5700] [django.server:124] [INFO]- "GET /favicon.ico HTTP/1.1" 200 82
2018-01-11 09:22:51,072 [Thread-1:4384] [django.server:124] [INFO]- "GET /admin/ HTTP/1.1" 200 4180
2018-01-11 09:22:51,190 [Thread-3:4388] [django.server:124] [INFO]- "GET /favicon.ico HTTP/1.1" 200 82
2018-01-11 09:24:54,351 [Thread-4:3564] [django.server:124] [INFO]- "GET /admin/ HTTP/1.1" 200 4180
2018-01-11 09:24:54,479 [Thread-5:6028] [django.server:124] [INFO]- "GET /favicon.ico HTTP/1.1" 200 82
2018-01-11 09:24:55,257 [Thread-6:1596] [django.server:124] [INFO]- "GET /admin/ HTTP/1.1" 200 4180
2018-01-11 09:24:55,305 [Thread-7:4056] [django.server:124] [INFO]- "GET /favicon.ico HTTP/1.1" 200 82
2018-01-11 09:24:55,736 [Thread-8:1956] [django.server:124] [INFO]- "GET /admin/ HTTP/1.1" 200 4180
2018-01-11 09:24:55,793 [Thread-9:4860] [django.server:124] [INFO]- "GET /favicon.ico HTTP/1.1" 200 82
2018-01-11 09:24:55,970 [Thread-10:6040] [django.server:124] [INFO]- "GET /admin/ HTTP/1.1" 200 4180
2018-01-11 09:24:56,026 [Thread-11:5796] [django.server:124] [INFO]- "GET /favicon.ico HTTP/1.1" 200 82
2018-01-11 09:24:56,203 [Thread-12:5992] [django.server:124] [INFO]- "GET /admin/ HTTP/1.1" 200 4180
2018-01-11 09:24:56,255 [Thread-13:6112] [django.server:124] [INFO]- "GET /favicon.ico HTTP/1.1" 200 82
2018-01-11 09:24:56,736 [Thread-14:5424] [django.server:124] [INFO]- "GET /admin/ HTTP/1.1" 200 4180
2018-01-11 09:24:56,788 [Thread-15:3412] [django.server:124] [INFO]- "GET /favicon.ico HTTP/1.1" 200 82
2018-01-11 09:24:57,009 [Thread-16:4792] [django.server:124] [INFO]- "GET /admin/ HTTP/1.1" 200 4180
2018-01-11 09:24:57,065 [Thread-17:6016] [django.server:124] [INFO]- "GET /favicon.ico HTTP/1.1" 200 82
2018-01-11 09:24:57,243 [Thread-18:6008] [django.server:124] [INFO]- "GET /admin/ HTTP/1.1" 200 4180
2018-01-11 09:24:57,293 [Thread-19:2368] [django.server:124] [INFO]- "GET /favicon.ico HTTP/1.1" 200 82
2018-01-11 09:24:57,509 [Thread-20:6108] [django.server:124] [INFO]- "GET /admin/ HTTP/1.1" 200 4180
2018-01-11 09:24:57,551 [Thread-21:5228] [django.server:124] [INFO]- "GET /favicon.ico HTTP/1.1" 200 82
2018-01-11 09:24:57,732 [Thread-22:2472] [django.server:124] [INFO]- "GET /admin/ HTTP/1.1" 200 4180
2018-01-11 09:24:57,778 [Thread-23:196] [django.server:124] [INFO]- "GET /favicon.ico HTTP/1.1" 200 82
2018-01-11 09:26:07,466 [Thread-24:5324] [django.server:124] [INFO]- "GET /admin/ HTTP/1.1" 200 4173
2018-01-11 09:26:07,569 [Thread-25:5808] [django.server:124] [INFO]- "GET /favicon.ico HTTP/1.1" 200 82
2018-01-11 09:32:15,303 [Thread-1:4824] [django.server:124] [INFO]- "GET /admin/ HTTP/1.1" 200 4180
2018-01-11 09:32:15,408 [Thread-3:5928] [django.server:124] [INFO]- "GET /favicon.ico HTTP/1.1" 200 82
2018-01-11 09:32:19,201 [Thread-4:2404] [django.server:124] [INFO]- "GET /admin/ HTTP/1.1" 200 4180
2018-01-11 09:32:19,259 [Thread-5:2828] [django.server:124] [INFO]- "GET /favicon.ico HTTP/1.1" 200 82
2018-01-11 09:32:43,463 [Thread-6:5604] [django.server:124] [INFO]- "GET / HTTP/1.1" 200 2484
2018-01-11 09:32:44,592 [Thread-7:2216] [django.server:124] [INFO]- "GET /static/css/bootstrap.css HTTP/1.1" 200 146010
2018-01-11 09:32:44,775 [Thread-8:4556] [django.server:124] [INFO]- "GET /favicon.ico HTTP/1.1" 200 82
2018-01-11 09:32:57,278 [Thread-9:1128] [django.server:124] [INFO]- "GET /admin/ HTTP/1.1" 200 4180
2018-01-11 09:32:57,391 [Thread-10:1940] [django.server:124] [INFO]- "GET /favicon.ico HTTP/1.1" 200 82
2018-01-11 09:33:06,891 [Thread-11:6040] [django.server:124] [INFO]- "GET /admin/auth_log/user/ HTTP/1.1" 200 5355
2018-01-11 09:33:06,926 [Thread-12:6128] [django.server:124] [INFO]- "GET /admin/jsi18n/ HTTP/1.1" 200 7758
2018-01-11 09:33:07,125 [Thread-13:3896] [django.server:124] [INFO]- "GET /favicon.ico HTTP/1.1" 200 82
2018-01-11 09:33:11,384 [Thread-14:3412] [django.server:124] [INFO]- "GET /admin/ HTTP/1.1" 200 4180
2018-01-11 09:33:11,434 [Thread-15:4976] [django.server:124] [INFO]- "GET /favicon.ico HTTP/1.1" 200 82
2018-01-11 09:39:37,448 [Thread-1:4924] [django.server:124] [INFO]- "GET /admin/ HTTP/1.1" 200 4180
2018-01-11 09:39:37,556 [Thread-3:5368] [django.server:124] [INFO]- "GET /favicon.ico HTTP/1.1" 200 82
2018-01-11 09:39:56,786 [Thread-8:5224] [django.server:124] [INFO]- "GET /admin/ HTTP/1.1" 200 4180
2018-01-11 09:39:56,911 [Thread-9:3244] [django.server:124] [INFO]- "GET /favicon.ico HTTP/1.1" 200 82
2018-01-11 09:40:06,381 [Thread-14:4516] [django.server:124] [INFO]- "GET /admin/ HTTP/1.1" 302 0
2018-01-11 09:40:06,430 [Thread-15:4200] [django.server:124] [INFO]- "GET /admin/login/?next=/admin/ HTTP/1.1" 200 1652
2018-01-11 09:40:08,332 [Thread-17:4860] [django.server:124] [INFO]- "GET /static/admin/css/login.css HTTP/1.1" 200 1203
2018-01-11 09:40:08,334 [Thread-16:2576] [django.server:124] [INFO]- "GET /static/admin/css/base.css HTTP/1.1" 200 16066
2018-01-11 09:40:08,342 [Thread-18:5552] [django.server:124] [INFO]- "GET /static/admin/css/fonts.css HTTP/1.1" 200 423
2018-01-11 09:40:08,354 [Thread-19:4068] [django.server:124] [INFO]- "GET /static/admin/fonts/Roboto-Regular-webfont.woff HTTP/1.1" 200 80304
2018-01-11 09:40:08,365 [Thread-20:5536] [django.server:124] [INFO]- "GET /static/admin/fonts/Roboto-Light-webfont.woff HTTP/1.1" 200 81348
2018-01-11 09:40:08,380 [Thread-21:848] [django.server:124] [INFO]- "GET /favicon.ico HTTP/1.1" 200 82
2018-01-11 09:40:12,335 [Thread-22:5156] [django.server:124] [INFO]- "POST /admin/login/?next=/admin/ HTTP/1.1" 302 0
2018-01-11 09:40:12,377 [Thread-23:4784] [django.server:124] [INFO]- "GET /admin/ HTTP/1.1" 200 4180
2018-01-11 09:40:12,398 [Thread-24:4100] [django.server:124] [INFO]- "GET /static/admin/css/dashboard.css HTTP/1.1" 200 412
2018-01-11 09:40:12,417 [Thread-25:5160] [django.server:124] [INFO]- "GET /static/admin/fonts/Roboto-Bold-webfont.woff HTTP/1.1" 200 82564
2018-01-11 09:40:12,420 [Thread-26:5752] [django.server:124] [INFO]- "GET /static/admin/img/icon-addlink.svg HTTP/1.1" 200 331
2018-01-11 09:40:12,431 [Thread-27:6120] [django.server:124] [INFO]- "GET /static/admin/img/icon-changelink.svg HTTP/1.1" 200 380
2018-01-11 09:40:12,460 [Thread-28:3864] [django.server:124] [INFO]- "GET /favicon.ico HTTP/1.1" 200 82
2018-01-11 09:40:14,463 [Thread-29:5852] [django.server:124] [INFO]- "GET /admin/ HTTP/1.1" 200 4180
2018-01-11 09:40:14,500 [Thread-30:2344] [django.server:124] [INFO]- "GET /favicon.ico HTTP/1.1" 200 82
2018-01-11 09:46:23,608 [Thread-1:4704] [django.server:124] [INFO]- "GET /admin/ HTTP/1.1" 200 4180
2018-01-11 09:46:23,644 [Thread-3:2724] [django.server:124] [INFO]- "GET /favicon.ico HTTP/1.1" 200 82
2018-01-11 09:46:24,907 [Thread-4:4308] [django.server:124] [INFO]- "GET /admin/ HTTP/1.1" 200 4180
2018-01-11 09:46:24,931 [Thread-5:4084] [django.server:124] [INFO]- "GET /favicon.ico HTTP/1.1" 200 82
2018-01-11 09:46:25,809 [Thread-6:5380] [django.server:124] [INFO]- "GET /admin/ HTTP/1.1" 200 4180
2018-01-11 09:46:25,842 [Thread-7:1808] [django.server:124] [INFO]- "GET /favicon.ico HTTP/1.1" 200 82
2018-01-11 09:46:26,723 [Thread-8:5688] [django.server:124] [INFO]- "GET /admin/auth_log/depatment/ HTTP/1.1" 200 4574
2018-01-11 09:46:26,834 [Thread-10:3852] [django.server:124] [INFO]- "GET /admin/jsi18n/ HTTP/1.1" 200 7758
2018-01-11 09:46:30,266 [Thread-14:6108] [django.server:124] [INFO]- "GET /static/admin/js/admin/RelatedObjectLookups.js HTTP/1.1" 200 6591
2018-01-11 09:46:30,266 [Thread-13:6128] [django.server:124] [INFO]- "GET /static/admin/js/jquery.init.js HTTP/1.1" 200 363
2018-01-11 09:46:30,269 [Thread-9:5556] [django.server:124] [INFO]- "GET /static/admin/css/changelists.css HTTP/1.1" 200 6170
2018-01-11 09:46:30,289 [Thread-17:2396] [django.server:124] [INFO]- "GET /static/admin/js/prepopulate.js HTTP/1.1" 200 1538
2018-01-11 09:46:30,289 [Thread-16:800] [django.server:124] [INFO]- "GET /static/admin/js/urlify.js HTTP/1.1" 200 8186
2018-01-11 09:46:30,292 [Thread-11:1052] [django.server:124] [INFO]- "GET /static/admin/js/core.js HTTP/1.1" 200 7976
2018-01-11 09:46:30,296 [Thread-18:5408] [django.server:124] [INFO]- "GET /static/admin/js/vendor/xregexp/xregexp.js HTTP/1.1" 200 128820
2018-01-11 09:46:30,308 [Thread-12:4372] [django.server:124] [INFO]- "GET /static/admin/js/vendor/jquery/jquery.js HTTP/1.1" 200 258648
2018-01-11 09:46:30,315 [Thread-19:3244] [django.server:124] [INFO]- "GET /static/admin/img/search.svg HTTP/1.1" 200 458
2018-01-11 09:46:30,322 [Thread-15:5248] [django.server:124] [INFO]- "GET /static/admin/js/actions.js HTTP/1.1" 200 6501
2018-01-11 09:46:30,361 [Thread-20:4864] [django.server:124] [INFO]- "GET /static/admin/img/tooltag-add.svg HTTP/1.1" 200 331
2018-01-11 09:46:30,394 [Thread-21:2584] [django.server:124] [INFO]- "GET /favicon.ico HTTP/1.1" 200 82
2018-01-11 09:46:32,308 [Thread-22:3296] [django.server:124] [INFO]- "GET /admin/auth_log/ HTTP/1.1" 200 3066
2018-01-11 09:46:32,345 [Thread-23:1212] [django.server:124] [INFO]- "GET /favicon.ico HTTP/1.1" 200 82
2018-01-11 09:46:33,545 [Thread-24:5144] [django.server:124] [INFO]- "GET /admin/auth_log/position/ HTTP/1.1" 200 4568
2018-01-11 09:46:33,575 [Thread-25:1940] [django.server:124] [INFO]- "GET /admin/jsi18n/ HTTP/1.1" 200 7758
2018-01-11 09:46:33,661 [Thread-26:6072] [django.server:124] [INFO]- "GET /favicon.ico HTTP/1.1" 200 82
2018-01-11 09:46:34,559 [Thread-27:5360] [django.server:124] [INFO]- "GET /admin/auth_log/ HTTP/1.1" 200 3066
2018-01-11 09:46:34,582 [Thread-28:5468] [django.server:124] [INFO]- "GET /favicon.ico HTTP/1.1" 200 82
2018-01-11 09:46:35,467 [Thread-29:1184] [django.server:124] [INFO]- "GET /admin/auth_log/user/ HTTP/1.1" 200 5355
2018-01-11 09:46:35,486 [Thread-30:5828] [django.server:124] [INFO]- "GET /admin/jsi18n/ HTTP/1.1" 200 7758
2018-01-11 09:46:35,552 [Thread-31:2840] [django.server:124] [INFO]- "GET /favicon.ico HTTP/1.1" 200 82
2018-01-11 09:46:37,667 [Thread-32:876] [django.server:124] [INFO]- "GET /admin/ HTTP/1.1" 200 4180
2018-01-11 09:46:37,693 [Thread-33:5584] [django.server:124] [INFO]- "GET /favicon.ico HTTP/1.1" 200 82
